This file contains any messages produced by compilers while
running configure, to aid debugging if configure makes a mistake.

It was created by libsecp256k1 configure 0.1, which was
generated by GNU Autoconf 2.72.  Invocation command line was

  $ ./configure

## --------- ##
## Platform. ##
## --------- ##

hostname = me-nb58
uname -m = arm64
uname -r = 23.6.0
uname -s = Darwin
uname -v = Darwin Kernel Version 23.6.0: Wed May 14 13:52:50 PDT 2025; root:xnu-10063.141.1.705.2~2/RELEASE_ARM64_T8103

/usr/bin/uname -p = arm
/bin/uname -X     = unknown

/bin/arch              = unknown
/usr/bin/arch -k       = unknown
/usr/convex/getsysinfo = unknown
/usr/bin/hostinfo      = Mach kernel version:
	 Darwin Kernel Version 23.6.0: Wed May 14 13:52:50 PDT 2025; root:xnu-10063.141.1.705.2~2/RELEASE_ARM64_T8103
Kernel configured for up to 8 processors.
8 processors are physically available.
8 processors are logically available.
Processor type: arm64e (ARM64E)
Processors active: 0 1 2 3 4 5 6 7
Primary memory available: 16.00 gigabytes
Default processor set: 500 tasks, 4362 threads, 8 processors
Load average: 10.72, Mach factor: 0.68
/bin/machine           = unknown
/usr/bin/oslevel       = unknown
/bin/universe          = unknown

PATH: /usr/local/go/bin/
PATH: /Users/jianyul/.nvm/versions/node/v22.18.0/bin/
PATH: /Users/jianyul/.cargo/bin/
PATH: /opt/homebrew/bin/
PATH: /opt/homebrew/sbin/
PATH: /usr/local/bin/
PATH: /usr/bin/
PATH: /bin/
PATH: /usr/sbin/
PATH: /sbin/


## ----------- ##
## Core tests. ##
## ----------- ##

configure:2663: looking for aux files: compile ltmain.sh missing install-sh config.guess config.sub
configure:2676:  trying ./build-aux/
configure:2705:   ./build-aux/compile found
configure:2705:   ./build-aux/ltmain.sh found
configure:2705:   ./build-aux/missing found
configure:2687:   ./build-aux/install-sh found
configure:2705:   ./build-aux/config.guess found
configure:2705:   ./build-aux/config.sub found
configure:2826: checking build system type
configure:2842: result: aarch64-apple-darwin23.6.0
configure:2862: checking host system type
configure:2877: result: aarch64-apple-darwin23.6.0
configure:2917: checking for a BSD-compatible install
configure:2991: result: /usr/bin/install -c
configure:3002: checking whether sleep supports fractional seconds
configure:3018: result: yes
configure:3021: checking filesystem timestamp resolution
configure:3156: result: 2
configure:3161: checking whether build environment is sane
configure:3206: result: yes
configure:3377: checking for a race-free mkdir -p
configure:3420: result: mkdir -p
configure:3427: checking for gawk
configure:3463: result: no
configure:3427: checking for mawk
configure:3463: result: no
configure:3427: checking for nawk
configure:3463: result: no
configure:3427: checking for awk
configure:3448: found /usr/bin/awk
configure:3460: result: awk
configure:3471: checking whether make sets $(MAKE)
configure:3495: result: yes
configure:3521: checking whether make supports nested variables
configure:3540: result: yes
configure:3554: checking xargs -n works
configure:3570: result: yes
configure:3655: checking whether UID '503' is supported by ustar format
configure:3661: result: yes
configure:3668: checking whether GID '20' is supported by ustar format
configure:3674: result: yes
configure:3682: checking how to create a ustar tar archive
configure:3693: tar --version
bsdtar 3.5.3 - libarchive 3.5.3 zlib/1.2.12 liblzma/5.4.3 bz2lib/1.0.8 
configure:3696: $? = 0
configure:3736: tardir=conftest.dir && eval tar --format=ustar -chf - "$tardir" >conftest.tar
configure:3739: $? = 0
configure:3743: tar -xf - <conftest.tar
configure:3746: $? = 0
configure:3748: cat conftest.dir/file
GrepMe
configure:3751: $? = 0
configure:3766: result: gnutar
configure:3794: WARNING: Libtool does not cope well with whitespace in `pwd`
configure:3839: checking how to print strings
configure:3866: result: printf
configure:3900: checking whether make supports the include directive
configure:3915: make -f confmf.GNU && cat confinc.out
this is the am__doit target
configure:3918: $? = 0
configure:3937: result: yes (GNU style)
configure:4014: checking for gcc
configure:4035: found /usr/bin/gcc
configure:4047: result: gcc
configure:4406: checking for C compiler version
configure:4415: gcc --version >&5
Apple clang version 15.0.0 (clang-1500.3.9.4)
Target: arm64-apple-darwin23.6.0
Thread model: posix
InstalledDir: /Library/Developer/CommandLineTools/usr/bin
configure:4426: $? = 0
configure:4415: gcc -v >&5
Apple clang version 15.0.0 (clang-1500.3.9.4)
Target: arm64-apple-darwin23.6.0
Thread model: posix
InstalledDir: /Library/Developer/CommandLineTools/usr/bin
configure:4426: $? = 0
configure:4415: gcc -V >&5
clang: error: argument to '-V' is missing (expected 1 value)
clang: error: no input files
configure:4426: $? = 1
configure:4415: gcc -qversion >&5
clang: error: unknown argument '-qversion'; did you mean '--version'?
clang: error: no input files
configure:4426: $? = 1
configure:4415: gcc -version >&5
clang: error: unknown argument '-version'; did you mean '--version'?
clang: error: no input files
configure:4426: $? = 1
configure:4446: checking whether the C compiler works
configure:4468: gcc    conftest.c  >&5
configure:4472: $? = 0
configure:4523: result: yes
configure:4527: checking for C compiler default output file name
configure:4529: result: a.out
configure:4535: checking for suffix of executables
configure:4542: gcc -o conftest    conftest.c  >&5
configure:4546: $? = 0
configure:4570: result: 
configure:4594: checking whether we are cross compiling
configure:4602: gcc -o conftest    conftest.c  >&5
configure:4606: $? = 0
configure:4613: ./conftest
configure:4617: $? = 0
configure:4632: result: no
configure:4638: checking for suffix of object files
configure:4661: gcc -c   conftest.c >&5
configure:4665: $? = 0
configure:4689: result: o
configure:4693: checking whether the compiler supports GNU C
configure:4713: gcc -c   conftest.c >&5
configure:4713: $? = 0
configure:4725: result: yes
configure:4736: checking whether gcc accepts -g
configure:4757: gcc -c -g  conftest.c >&5
configure:4757: $? = 0
configure:4804: result: yes
configure:4824: checking for gcc option to enable C11 features
configure:4839: gcc  -c -g -O2  conftest.c >&5
configure:4839: $? = 0
configure:4858: result: none needed
configure:4982: checking whether gcc understands -c and -o together
configure:5005: gcc -c conftest.c -o conftest2.o
configure:5008: $? = 0
configure:5005: gcc -c conftest.c -o conftest2.o
configure:5008: $? = 0
configure:5024: result: yes
configure:5043: checking dependency style of gcc
configure:5156: result: gcc3
configure:5171: checking for a sed that does not truncate output
configure:5243: result: /usr/bin/sed
configure:5261: checking for grep that handles long lines and -e
configure:5327: result: /usr/bin/grep
configure:5332: checking for egrep
configure:5402: result: /usr/bin/grep -E
configure:5409: checking for fgrep
configure:5479: result: /usr/bin/grep -F
configure:5516: checking for ld used by gcc
configure:5585: result: /Library/Developer/CommandLineTools/usr/bin/ld
configure:5592: checking if the linker (/Library/Developer/CommandLineTools/usr/bin/ld) is GNU ld
configure:5609: result: no
configure:5621: checking for BSD- or MS-compatible name lister (nm)
configure:5677: result: /usr/bin/nm -B
configure:5819: checking the name lister (/usr/bin/nm -B) interface
configure:5827: gcc -c -g -O2  conftest.c >&5
configure:5830: /usr/bin/nm -B "conftest.o"
configure:5833: output
0000000000000244 S _some_variable
0000000000000000 t ltmp0
0000000000000244 s ltmp1
configure:5841: result: BSD nm
configure:5844: checking whether ln -s works
configure:5848: result: yes
configure:5856: checking the maximum length of command line arguments
configure:5989: result: 786432
configure:6037: checking how to convert aarch64-apple-darwin23.6.0 file names to aarch64-apple-darwin23.6.0 format
configure:6079: result: func_convert_file_noop
configure:6086: checking how to convert aarch64-apple-darwin23.6.0 file names to toolchain format
configure:6108: result: func_convert_file_noop
configure:6115: checking for /Library/Developer/CommandLineTools/usr/bin/ld option to reload object files
configure:6124: result: -r
configure:6157: checking for file
configure:6178: found /usr/bin/file
configure:6191: result: file
configure:6254: checking for objdump
configure:6275: found /usr/bin/objdump
configure:6287: result: objdump
configure:6319: checking how to recognize dependent libraries
configure:6528: result: pass_all
configure:6619: checking for dlltool
configure:6655: result: no
configure:6685: checking how to associate runtime and link libraries
configure:6714: result: printf %s\n
configure:6775: checking for ranlib
configure:6796: found /usr/bin/ranlib
configure:6808: result: ranlib
configure:6885: checking for ar
configure:6906: found /usr/bin/ar
configure:6918: result: ar
configure:6971: checking for archiver @FILE support
configure:6989: gcc -c -g -O2  conftest.c >&5
configure:6989: $? = 0
configure:6993: ar cr libconftest.a @conftest.lst >&5
ar: @conftest.lst: No such file or directory
configure:6996: $? = 1
configure:7017: result: no
configure:7081: checking for strip
configure:7102: found /usr/bin/strip
configure:7114: result: strip
configure:7217: checking command to parse /usr/bin/nm -B output from gcc object
configure:7371: gcc -c -g -O2  conftest.c >&5
configure:7374: $? = 0
configure:7378: /usr/bin/nm -B conftest.o | /usr/bin/sed -n -e 's/^.*[	 ]\([ABCDGIRSTW][ABCDGIRSTW]*\)[	 ][	 ]*\([_A-Za-z][_A-Za-z0-9]*\)$/\1 \2 \2/p' | /usr/bin/sed '/ __gnu_lto/d' > conftest.nm
cannot find nm_test_var in conftest.nm
configure:7371: gcc -c -g -O2  conftest.c >&5
configure:7374: $? = 0
configure:7378: /usr/bin/nm -B conftest.o | /usr/bin/sed -n -e 's/^.*[	 ]\([ABCDGIRSTW][ABCDGIRSTW]*\)[	 ][	 ]*_\([_A-Za-z][_A-Za-z0-9]*\)$/\1 _\2 \2/p' | /usr/bin/sed '/ __gnu_lto/d' > conftest.nm
configure:7444: gcc -o conftest -g -O2   conftest.c conftstm.o >&5
configure:7447: $? = 0
configure:7486: result: ok
configure:7533: checking for sysroot
configure:7567: result: no
configure:7574: checking for a working dd
configure:7619: result: /bin/dd
configure:7623: checking how to truncate binary pipes
configure:7640: result: /bin/dd bs=4096 count=1
configure:7980: checking for mt
configure:8016: result: no
configure:8036: checking if : is a manifest tool
configure:8043: : '-?'
configure:8052: result: no
configure:8114: checking for dsymutil
configure:8135: found /usr/bin/dsymutil
configure:8147: result: dsymutil
configure:8218: checking for nmedit
configure:8239: found /usr/bin/nmedit
configure:8251: result: nmedit
configure:8322: checking for lipo
configure:8343: found /usr/bin/lipo
configure:8355: result: lipo
configure:8426: checking for otool
configure:8447: found /usr/bin/otool
configure:8459: result: otool
configure:8530: checking for otool64
configure:8566: result: no
configure:8611: checking for -single_module linker flag
gcc -g -O2  -o libconftest.dylib -dynamiclib -Wl,-single_module conftest.c
ld: warning: -single_module is obsolete
configure:8646: result: no
configure:8651: checking for -no_fixup_chains linker flag
configure:8670: gcc -o conftest -g -O2   -Wl,-no_fixup_chains conftest.c  >&5
configure:8670: $? = 0
configure:8685: result: yes
configure:8688: checking for -exported_symbols_list linker flag
configure:8709: gcc -o conftest -g -O2   -Wl,-exported_symbols_list,conftest.sym conftest.c  >&5
configure:8709: $? = 0
configure:8722: result: yes
configure:8725: checking for -force_load linker flag
gcc -g -O2 -c -o conftest.o conftest.c
ar cr libconftest.a conftest.o
ranlib libconftest.a
gcc -g -O2  -o conftest conftest.c -Wl,-force_load,./libconftest.a
configure:8759: result: yes
configure:8849: checking for stdio.h
configure:8849: gcc -c -g -O2  conftest.c >&5
configure:8849: $? = 0
configure:8849: result: yes
configure:8849: checking for stdlib.h
configure:8849: gcc -c -g -O2  conftest.c >&5
configure:8849: $? = 0
configure:8849: result: yes
configure:8849: checking for string.h
configure:8849: gcc -c -g -O2  conftest.c >&5
configure:8849: $? = 0
configure:8849: result: yes
configure:8849: checking for inttypes.h
configure:8849: gcc -c -g -O2  conftest.c >&5
configure:8849: $? = 0
configure:8849: result: yes
configure:8849: checking for stdint.h
configure:8849: gcc -c -g -O2  conftest.c >&5
configure:8849: $? = 0
configure:8849: result: yes
configure:8849: checking for strings.h
configure:8849: gcc -c -g -O2  conftest.c >&5
configure:8849: $? = 0
configure:8849: result: yes
configure:8849: checking for sys/stat.h
configure:8849: gcc -c -g -O2  conftest.c >&5
configure:8849: $? = 0
configure:8849: result: yes
configure:8849: checking for sys/types.h
configure:8849: gcc -c -g -O2  conftest.c >&5
configure:8849: $? = 0
configure:8849: result: yes
configure:8849: checking for unistd.h
configure:8849: gcc -c -g -O2  conftest.c >&5
configure:8849: $? = 0
configure:8849: result: yes
configure:8874: checking for dlfcn.h
configure:8874: gcc -c -g -O2  conftest.c >&5
configure:8874: $? = 0
configure:8874: result: yes
configure:9177: checking for objdir
configure:9194: result: .libs
configure:9460: checking if gcc supports -fno-rtti -fno-exceptions
configure:9479: gcc -c -g -O2  -fno-rtti -fno-exceptions conftest.c >&5
configure:9483: $? = 0
configure:9497: result: yes
configure:9870: checking for gcc option to produce PIC
configure:9879: result: -fno-common -DPIC
configure:9887: checking if gcc PIC flag -fno-common -DPIC works
configure:9906: gcc -c -g -O2  -fno-common -DPIC -DPIC conftest.c >&5
configure:9910: $? = 0
configure:9924: result: yes
configure:9953: checking if gcc static flag -static works
configure:9983: result: no
configure:9998: checking if gcc supports -c -o file.o
configure:10020: gcc -c -g -O2  -o out/conftest2.o conftest.c >&5
configure:10024: $? = 0
configure:10047: result: yes
configure:10055: checking if gcc supports -c -o file.o
configure:10104: result: yes
configure:10137: checking whether the gcc linker (/Library/Developer/CommandLineTools/usr/bin/ld) supports shared libraries
configure:11421: result: yes
configure:11663: checking dynamic linker characteristics
configure:13047: result: darwin23.6.0 dyld
configure:13169: checking how to hardcode library paths into programs
configure:13194: result: immediate
configure:13794: checking whether stripping libraries is possible
configure:13811: result: yes
configure:13845: checking if libtool supports shared libraries
configure:13847: result: yes
configure:13850: checking whether to build shared libraries
configure:13875: result: yes
configure:13878: checking whether to build static libraries
configure:13882: result: yes
configure:13985: checking for pkg-config
configure:14008: found /opt/homebrew/bin/pkg-config
configure:14021: result: /opt/homebrew/bin/pkg-config
configure:14046: checking pkg-config is at least version 0.9.0
configure:14049: result: yes
configure:14113: checking for ar
configure:14136: found /usr/bin/ar
configure:14149: result: /usr/bin/ar
configure:14223: checking for ranlib
configure:14246: found /usr/bin/ranlib
configure:14259: result: /usr/bin/ranlib
configure:14333: checking for strip
configure:14356: found /usr/bin/strip
configure:14369: result: /usr/bin/strip
configure:14396: checking how to run the C preprocessor
configure:14422: gcc -E  conftest.c
configure:14422: $? = 0
configure:14438: gcc -E  conftest.c
conftest.c:23:10: fatal error: 'ac_nonexistent.h' file not found
#include <ac_nonexistent.h>
         ^~~~~~~~~~~~~~~~~~
1 error generated.
configure:14438: $? = 1
configure: failed program was:
| /* confdefs.h */
| #define PACKAGE_NAME "libsecp256k1"
| #define PACKAGE_TARNAME "libsecp256k1"
| #define PACKAGE_VERSION "0.1"
| #define PACKAGE_STRING "libsecp256k1 0.1"
| #define PACKAGE_BUGREPORT ""
| #define PACKAGE_URL ""
| #define PACKAGE "libsecp256k1"
| #define VERSION "0.1"
| #define HAVE_STDIO_H 1
| #define HAVE_STDLIB_H 1
| #define HAVE_STRING_H 1
| #define HAVE_INTTYPES_H 1
| #define HAVE_STDINT_H 1
| #define HAVE_STRINGS_H 1
| #define HAVE_SYS_STAT_H 1
| #define HAVE_SYS_TYPES_H 1
| #define HAVE_UNISTD_H 1
| #define STDC_HEADERS 1
| #define HAVE_DLFCN_H 1
| #define LT_OBJDIR ".libs/"
| /* end confdefs.h.  */
| #include <ac_nonexistent.h>
configure:14467: result: gcc -E
configure:14481: gcc -E  conftest.c
configure:14481: $? = 0
configure:14497: gcc -E  conftest.c
conftest.c:23:10: fatal error: 'ac_nonexistent.h' file not found
#include <ac_nonexistent.h>
         ^~~~~~~~~~~~~~~~~~
1 error generated.
configure:14497: $? = 1
configure: failed program was:
| /* confdefs.h */
| #define PACKAGE_NAME "libsecp256k1"
| #define PACKAGE_TARNAME "libsecp256k1"
| #define PACKAGE_VERSION "0.1"
| #define PACKAGE_STRING "libsecp256k1 0.1"
| #define PACKAGE_BUGREPORT ""
| #define PACKAGE_URL ""
| #define PACKAGE "libsecp256k1"
| #define VERSION "0.1"
| #define HAVE_STDIO_H 1
| #define HAVE_STDLIB_H 1
| #define HAVE_STRING_H 1
| #define HAVE_INTTYPES_H 1
| #define HAVE_STDINT_H 1
| #define HAVE_STRINGS_H 1
| #define HAVE_SYS_STAT_H 1
| #define HAVE_SYS_TYPES_H 1
| #define HAVE_UNISTD_H 1
| #define STDC_HEADERS 1
| #define HAVE_DLFCN_H 1
| #define LT_OBJDIR ".libs/"
| /* end confdefs.h.  */
| #include <ac_nonexistent.h>
configure:14591: checking for gcc
configure:14612: found /usr/bin/gcc
configure:14624: result: gcc
configure:14983: checking for C compiler version
configure:14992: gcc --version >&5
Apple clang version 15.0.0 (clang-1500.3.9.4)
Target: arm64-apple-darwin23.6.0
Thread model: posix
InstalledDir: /Library/Developer/CommandLineTools/usr/bin
configure:15003: $? = 0
configure:14992: gcc -v >&5
Apple clang version 15.0.0 (clang-1500.3.9.4)
Target: arm64-apple-darwin23.6.0
Thread model: posix
InstalledDir: /Library/Developer/CommandLineTools/usr/bin
configure:15003: $? = 0
configure:14992: gcc -V >&5
clang: error: argument to '-V' is missing (expected 1 value)
clang: error: no input files
configure:15003: $? = 1
configure:14992: gcc -qversion >&5
clang: error: unknown argument '-qversion'; did you mean '--version'?
clang: error: no input files
configure:15003: $? = 1
configure:14992: gcc -version >&5
clang: error: unknown argument '-version'; did you mean '--version'?
clang: error: no input files
configure:15003: $? = 1
configure:15007: checking whether the compiler supports GNU C
configure:15039: result: yes
configure:15050: checking whether gcc accepts -g
configure:15071: gcc -c -g -O2  conftest.c >&5
configure:15071: $? = 0
configure:15118: result: yes
configure:15138: checking for gcc option to enable C11 features
configure:15172: result: none needed
configure:15296: checking whether gcc understands -c and -o together
configure:15338: result: yes
configure:15357: checking dependency style of gcc
configure:15470: result: gcc3
configure:15490: checking how to run the C preprocessor
configure:15516: gcc -E  conftest.c
configure:15516: $? = 0
configure:15532: gcc -E  conftest.c
conftest.c:23:10: fatal error: 'ac_nonexistent.h' file not found
#include <ac_nonexistent.h>
         ^~~~~~~~~~~~~~~~~~
1 error generated.
configure:15532: $? = 1
configure: failed program was:
| /* confdefs.h */
| #define PACKAGE_NAME "libsecp256k1"
| #define PACKAGE_TARNAME "libsecp256k1"
| #define PACKAGE_VERSION "0.1"
| #define PACKAGE_STRING "libsecp256k1 0.1"
| #define PACKAGE_BUGREPORT ""
| #define PACKAGE_URL ""
| #define PACKAGE "libsecp256k1"
| #define VERSION "0.1"
| #define HAVE_STDIO_H 1
| #define HAVE_STDLIB_H 1
| #define HAVE_STRING_H 1
| #define HAVE_INTTYPES_H 1
| #define HAVE_STDINT_H 1
| #define HAVE_STRINGS_H 1
| #define HAVE_SYS_STAT_H 1
| #define HAVE_SYS_TYPES_H 1
| #define HAVE_UNISTD_H 1
| #define STDC_HEADERS 1
| #define HAVE_DLFCN_H 1
| #define LT_OBJDIR ".libs/"
| /* end confdefs.h.  */
| #include <ac_nonexistent.h>
configure:15561: result: gcc -E
configure:15575: gcc -E  conftest.c
configure:15575: $? = 0
configure:15591: gcc -E  conftest.c
conftest.c:23:10: fatal error: 'ac_nonexistent.h' file not found
#include <ac_nonexistent.h>
         ^~~~~~~~~~~~~~~~~~
1 error generated.
configure:15591: $? = 1
configure: failed program was:
| /* confdefs.h */
| #define PACKAGE_NAME "libsecp256k1"
| #define PACKAGE_TARNAME "libsecp256k1"
| #define PACKAGE_VERSION "0.1"
| #define PACKAGE_STRING "libsecp256k1 0.1"
| #define PACKAGE_BUGREPORT ""
| #define PACKAGE_URL ""
| #define PACKAGE "libsecp256k1"
| #define VERSION "0.1"
| #define HAVE_STDIO_H 1
| #define HAVE_STDLIB_H 1
| #define HAVE_STRING_H 1
| #define HAVE_INTTYPES_H 1
| #define HAVE_STDINT_H 1
| #define HAVE_STRINGS_H 1
| #define HAVE_SYS_STAT_H 1
| #define HAVE_SYS_TYPES_H 1
| #define HAVE_UNISTD_H 1
| #define STDC_HEADERS 1
| #define HAVE_DLFCN_H 1
| #define LT_OBJDIR ".libs/"
| /* end confdefs.h.  */
| #include <ac_nonexistent.h>
configure:15652: checking dependency style of gcc
configure:15763: result: gcc3
configure:15784: checking for brew
configure:15807: found /opt/homebrew/bin/brew
configure:15820: result: /opt/homebrew/bin/brew
configure:15901: checking if gcc supports -std=c99 -pedantic -Wall -Wextra -Wcast-align -Wnested-externs -Wshadow -Wstrict-prototypes -Wno-unused-function -Wno-long-long -Wno-overlength-strings  --stack,4194304
configure:15907: gcc -c -g -O2 -W -std=c99 -pedantic -Wall -Wextra -Wcast-align -Wnested-externs -Wshadow -Wstrict-prototypes -Wno-unused-function -Wno-long-long -Wno-overlength-strings  --stack,4194304  conftest.c >&5
clang: error: unsupported option '--stack,4194304'
configure:15907: $? = 1
configure: failed program was:
| /* confdefs.h */
| #define PACKAGE_NAME "libsecp256k1"
| #define PACKAGE_TARNAME "libsecp256k1"
| #define PACKAGE_VERSION "0.1"
| #define PACKAGE_STRING "libsecp256k1 0.1"
| #define PACKAGE_BUGREPORT ""
| #define PACKAGE_URL ""
| #define PACKAGE "libsecp256k1"
| #define VERSION "0.1"
| #define HAVE_STDIO_H 1
| #define HAVE_STDLIB_H 1
| #define HAVE_STRING_H 1
| #define HAVE_INTTYPES_H 1
| #define HAVE_STDINT_H 1
| #define HAVE_STRINGS_H 1
| #define HAVE_SYS_STAT_H 1
| #define HAVE_SYS_TYPES_H 1
| #define HAVE_UNISTD_H 1
| #define STDC_HEADERS 1
| #define HAVE_DLFCN_H 1
| #define LT_OBJDIR ".libs/"
| /* end confdefs.h.  */
| char foo;
configure:15912: result: no
configure:15922: checking if gcc supports -fvisibility=hidden
configure:15928: gcc -c -g -O2 -W -fvisibility=hidden  conftest.c >&5
configure:15928: $? = 0
configure:15930: result: yes
configure:16175: checking for __int128
configure:16175: gcc -c -g -O2 -W -fvisibility=hidden  conftest.c >&5
configure:16175: $? = 0
configure:16175: gcc -c -g -O2 -W -fvisibility=hidden  conftest.c >&5
conftest.c:54:23: error: expected expression
if (sizeof ((__int128)))
                      ^
1 error generated.
configure:16175: $? = 1
configure: failed program was:
| /* confdefs.h */
| #define PACKAGE_NAME "libsecp256k1"
| #define PACKAGE_TARNAME "libsecp256k1"
| #define PACKAGE_VERSION "0.1"
| #define PACKAGE_STRING "libsecp256k1 0.1"
| #define PACKAGE_BUGREPORT ""
| #define PACKAGE_URL ""
| #define PACKAGE "libsecp256k1"
| #define VERSION "0.1"
| #define HAVE_STDIO_H 1
| #define HAVE_STDLIB_H 1
| #define HAVE_STRING_H 1
| #define HAVE_INTTYPES_H 1
| #define HAVE_STDINT_H 1
| #define HAVE_STRINGS_H 1
| #define HAVE_SYS_STAT_H 1
| #define HAVE_SYS_TYPES_H 1
| #define HAVE_UNISTD_H 1
| #define STDC_HEADERS 1
| #define HAVE_DLFCN_H 1
| #define LT_OBJDIR ".libs/"
| /* end confdefs.h.  */
| #include <stddef.h>
| #ifdef HAVE_STDIO_H
| # include <stdio.h>
| #endif
| #ifdef HAVE_STDLIB_H
| # include <stdlib.h>
| #endif
| #ifdef HAVE_STRING_H
| # include <string.h>
| #endif
| #ifdef HAVE_INTTYPES_H
| # include <inttypes.h>
| #endif
| #ifdef HAVE_STDINT_H
| # include <stdint.h>
| #endif
| #ifdef HAVE_STRINGS_H
| # include <strings.h>
| #endif
| #ifdef HAVE_SYS_TYPES_H
| # include <sys/types.h>
| #endif
| #ifdef HAVE_SYS_STAT_H
| # include <sys/stat.h>
| #endif
| #ifdef HAVE_UNISTD_H
| # include <unistd.h>
| #endif
| int
| main (void)
| {
| if (sizeof ((__int128)))
| 	    return 0;
|   ;
|   return 0;
| }
configure:16175: result: yes
configure:16185: checking for __builtin_expect
configure:16191: gcc -c -g -O2 -W -fvisibility=hidden  conftest.c >&5
conftest.c:24:16: warning: ignoring return value of function declared with const attribute [-Wunused-value]
void myfunc() {__builtin_expect(0,0);}
               ^~~~~~~~~~~~~~~~ ~~~
1 warning generated.
configure:16191: $? = 0
configure:16193: result: yes
configure:16215: checking for __builtin_popcount
configure:16221: gcc -c -g -O2 -W -fvisibility=hidden -O3  conftest.c >&5
conftest.c:25:16: warning: ignoring return value of function declared with const attribute [-Wunused-value]
void myfunc() {__builtin_popcount(0);}
               ^~~~~~~~~~~~~~~~~~ ~
1 warning generated.
configure:16221: $? = 0
configure:16223: result: yes
configure:16235: checking for __builtin_popcountl
configure:16241: gcc -c -g -O2 -W -fvisibility=hidden -O3  conftest.c >&5
conftest.c:26:16: warning: ignoring return value of function declared with const attribute [-Wunused-value]
void myfunc() {__builtin_popcountl(0);}
               ^~~~~~~~~~~~~~~~~~~ ~
1 warning generated.
configure:16241: $? = 0
configure:16243: result: yes
configure:16255: checking for __builtin_ctzl
configure:16261: gcc -c -g -O2 -W -fvisibility=hidden -O3  conftest.c >&5
conftest.c:27:16: warning: ignoring return value of function declared with const attribute [-Wunused-value]
void myfunc() {__builtin_ctzl(0);}
               ^~~~~~~~~~~~~~ ~
1 warning generated.
configure:16261: $? = 0
configure:16263: result: yes
configure:16281: checking native compiler: gcc
configure:16297: gcc -o conftest -g -O2 -W -fvisibility=hidden -O3   conftest.c  >&5
configure:16297: $? = 0
configure:16297: ./conftest
configure:16297: $? = 0
configure:16321: result: ok
configure:16329: checking for  __builtin_clzll
configure:16335: gcc -c -g -O2 -W -fvisibility=hidden -O3  conftest.c >&5
conftest.c:28:17: warning: ignoring return value of function declared with const attribute [-Wunused-value]
void myfunc() { __builtin_clzll(1);}
                ^~~~~~~~~~~~~~~ ~
1 warning generated.
configure:16335: $? = 0
configure:16337: result: yes
configure:16351: checking for x86_64 assembly availability
configure:16368: gcc -c -g -O2 -W -fvisibility=hidden -O3  conftest.c >&5
conftest.c:36:61: error: invalid output constraint '+a' in asm
  __asm__ __volatile__("movq $0x100000000,%1; mulq %%rsi" : "+a"(a) : "S"(tmp) : "cc", "%rdx");
                                                            ^
1 error generated.
configure:16368: $? = 1
configure: failed program was:
| /* confdefs.h */
| #define PACKAGE_NAME "libsecp256k1"
| #define PACKAGE_TARNAME "libsecp256k1"
| #define PACKAGE_VERSION "0.1"
| #define PACKAGE_STRING "libsecp256k1 0.1"
| #define PACKAGE_BUGREPORT ""
| #define PACKAGE_URL ""
| #define PACKAGE "libsecp256k1"
| #define VERSION "0.1"
| #define HAVE_STDIO_H 1
| #define HAVE_STDLIB_H 1
| #define HAVE_STRING_H 1
| #define HAVE_INTTYPES_H 1
| #define HAVE_STDINT_H 1
| #define HAVE_STRINGS_H 1
| #define HAVE_SYS_STAT_H 1
| #define HAVE_SYS_TYPES_H 1
| #define HAVE_UNISTD_H 1
| #define STDC_HEADERS 1
| #define HAVE_DLFCN_H 1
| #define LT_OBJDIR ".libs/"
| #define HAVE___INT128 1
| #define HAVE_BUILTIN_EXPECT 1
| #define HAVE_BUILTIN_POPCOUNT 1
| #define HAVE_BUILTIN_POPCOUNTL 1
| #define HAVE_BUILTIN_CTZL 1
| #define HAVE_BUILTIN_CLZLL 1
| /* end confdefs.h.  */
| 
|   #include <stdint.h>
| int
| main (void)
| {
| 
|   uint64_t a = 11, tmp;
|   __asm__ __volatile__("movq $0x100000000,%1; mulq %%rsi" : "+a"(a) : "S"(tmp) : "cc", "%rdx");
| 
|   ;
|   return 0;
| }
configure:16376: result: no
configure:16504: checking for gmp.h
configure:16504: gcc -c -g -O2 -W -fvisibility=hidden -O3 -I/opt/homebrew/opt/gmp/include  conftest.c >&5
configure:16504: $? = 0
configure:16504: result: yes
configure:16507: checking for __gmpz_init in -lgmp
configure:16536: gcc -o conftest -g -O2 -W -fvisibility=hidden -O3 -I/opt/homebrew/opt/gmp/include   conftest.c -lgmp  -L/opt/homebrew/opt/gmp/lib  >&5
configure:16536: $? = 0
configure:16548: result: yes
configure:16742: checking for libcrypto
configure:16749: $PKG_CONFIG --exists --print-errors "libcrypto"
configure:16752: $? = 0
configure:16766: $PKG_CONFIG --exists --print-errors "libcrypto"
configure:16769: $? = 0
configure:16807: result: yes
configure:16814: checking for main in -lcrypto
configure:16834: gcc -o conftest -g -O2 -W -fvisibility=hidden -O3   conftest.c -lcrypto   -L/opt/homebrew/Cellar/openssl@3/3.5.2/lib -lcrypto >&5
ld: warning: ignoring duplicate libraries: '-lcrypto'
configure:16834: $? = 0
configure:16846: result: yes
configure:16917: checking for EC functions in libcrypto
configure:16941: gcc -c -g -O2 -W -fvisibility=hidden -O3  conftest.c >&5
conftest.c:45:21: warning: 'EC_KEY_new_by_curve_name' is deprecated [-Wdeprecated-declarations]
    EC_KEY *eckey = EC_KEY_new_by_curve_name(NID_secp256k1);
                    ^
/usr/local/include/openssl/ec.h:1017:1: note: 'EC_KEY_new_by_curve_name' has been explicitly marked deprecated here
OSSL_DEPRECATEDIN_3_0 EC_KEY *EC_KEY_new_by_curve_name(int nid);
^
/usr/local/include/openssl/macros.h:194:49: note: expanded from macro 'OSSL_DEPRECATEDIN_3_0'
#   define OSSL_DEPRECATEDIN_3_0                OSSL_DEPRECATED(3.0)
                                                ^
/usr/local/include/openssl/macros.h:62:52: note: expanded from macro 'OSSL_DEPRECATED'
#     define OSSL_DEPRECATED(since) __attribute__((deprecated))
                                                   ^
conftest.c:46:5: warning: 'ECDSA_sign' is deprecated [-Wdeprecated-declarations]
    ECDSA_sign(0, NULL, 0, NULL, NULL, eckey);
    ^
/usr/local/include/openssl/ec.h:1433:1: note: 'ECDSA_sign' has been explicitly marked deprecated here
OSSL_DEPRECATEDIN_3_0 int ECDSA_sign(int type, const unsigned char *dgst,
^
/usr/local/include/openssl/macros.h:194:49: note: expanded from macro 'OSSL_DEPRECATEDIN_3_0'
#   define OSSL_DEPRECATEDIN_3_0                OSSL_DEPRECATED(3.0)
                                                ^
/usr/local/include/openssl/macros.h:62:52: note: expanded from macro 'OSSL_DEPRECATED'
#     define OSSL_DEPRECATED(since) __attribute__((deprecated))
                                                   ^
conftest.c:47:5: warning: 'ECDSA_verify' is deprecated [-Wdeprecated-declarations]
    ECDSA_verify(0, NULL, 0, NULL, 0, eckey);
    ^
/usr/local/include/openssl/ec.h:1466:1: note: 'ECDSA_verify' has been explicitly marked deprecated here
OSSL_DEPRECATEDIN_3_0 int ECDSA_verify(int type, const unsigned char *dgst,
^
/usr/local/include/openssl/macros.h:194:49: note: expanded from macro 'OSSL_DEPRECATEDIN_3_0'
#   define OSSL_DEPRECATEDIN_3_0                OSSL_DEPRECATED(3.0)
                                                ^
/usr/local/include/openssl/macros.h:62:52: note: expanded from macro 'OSSL_DEPRECATED'
#     define OSSL_DEPRECATED(since) __attribute__((deprecated))
                                                   ^
conftest.c:48:5: warning: 'EC_KEY_free' is deprecated [-Wdeprecated-declarations]
    EC_KEY_free(eckey);
    ^
/usr/local/include/openssl/ec.h:1022:1: note: 'EC_KEY_free' has been explicitly marked deprecated here
OSSL_DEPRECATEDIN_3_0 void EC_KEY_free(EC_KEY *key);
^
/usr/local/include/openssl/macros.h:194:49: note: expanded from macro 'OSSL_DEPRECATEDIN_3_0'
#   define OSSL_DEPRECATEDIN_3_0                OSSL_DEPRECATED(3.0)
                                                ^
/usr/local/include/openssl/macros.h:62:52: note: expanded from macro 'OSSL_DEPRECATED'
#     define OSSL_DEPRECATED(since) __attribute__((deprecated))
                                                   ^
4 warnings generated.
configure:16941: $? = 0
configure:16949: result: yes
configure:17232: checking whether byte ordering is bigendian
configure:17248: gcc -c -g -O2 -W -fvisibility=hidden -O3  conftest.c >&5
configure:17248: $? = 0
configure:17294: gcc -c -g -O2 -W -fvisibility=hidden -O3  conftest.c >&5
configure:17294: $? = 0
configure:17313: gcc -c -g -O2 -W -fvisibility=hidden -O3  conftest.c >&5
conftest.c:46:4: error: use of undeclared identifier 'not'
                 not big endian
                 ^
1 error generated.
configure:17313: $? = 1
configure: failed program was:
| /* confdefs.h */
| #define PACKAGE_NAME "libsecp256k1"
| #define PACKAGE_TARNAME "libsecp256k1"
| #define PACKAGE_VERSION "0.1"
| #define PACKAGE_STRING "libsecp256k1 0.1"
| #define PACKAGE_BUGREPORT ""
| #define PACKAGE_URL ""
| #define PACKAGE "libsecp256k1"
| #define VERSION "0.1"
| #define HAVE_STDIO_H 1
| #define HAVE_STDLIB_H 1
| #define HAVE_STRING_H 1
| #define HAVE_INTTYPES_H 1
| #define HAVE_STDINT_H 1
| #define HAVE_STRINGS_H 1
| #define HAVE_SYS_STAT_H 1
| #define HAVE_SYS_TYPES_H 1
| #define HAVE_UNISTD_H 1
| #define STDC_HEADERS 1
| #define HAVE_DLFCN_H 1
| #define LT_OBJDIR ".libs/"
| #define HAVE___INT128 1
| #define HAVE_BUILTIN_EXPECT 1
| #define HAVE_BUILTIN_POPCOUNT 1
| #define HAVE_BUILTIN_POPCOUNTL 1
| #define HAVE_BUILTIN_CTZL 1
| #define HAVE_BUILTIN_CLZLL 1
| #define HAVE_LIBGMP 1
| #define USE_FIELD_5X52 1
| #define HAVE_LIBGMP 1
| #define USE_NUM_GMP 1
| #define USE_FIELD_INV_NUM 1
| #define USE_SCALAR_INV_NUM 1
| #define USE_SCALAR_4X64 1
| #define HAVE_LIBCRYPTO 1
| #define ENABLE_OPENSSL_TESTS 1
| #define USE_ECMULT_STATIC_PRECOMPUTATION 1
| /* end confdefs.h.  */
| #include <sys/types.h>
| 		#include <sys/param.h>
| 
| int
| main (void)
| {
| #if BYTE_ORDER != BIG_ENDIAN
| 		 not big endian
| 		#endif
| 
|   ;
|   return 0;
| }
configure:17454: result: no
configure:17479: Using static precomputation: yes
configure:17481: Using assembly optimizations: no
configure:17483: Using field implementation: 64bit
configure:17485: Using bignum implementation: gmp
configure:17487: Using scalar implementation: 64bit
configure:17489: Using endomorphism optimizations: no
configure:17491: Building benchmarks: yes
configure:17493: Building for coverage analysis: no
configure:17495: Building ECDH module: no
configure:17497: Building ECDSA pubkey recovery module: no
configure:17499: Using jni: no
configure:17882: checking that generated files are newer than configure
configure:17888: result: done
configure:18008: creating ./config.status

## ---------------------- ##
## Running config.status. ##
## ---------------------- ##

This file was extended by libsecp256k1 config.status 0.1, which was
generated by GNU Autoconf 2.72.  Invocation command line was

  CONFIG_FILES    = 
  CONFIG_HEADERS  = 
  CONFIG_LINKS    = 
  CONFIG_COMMANDS = 
  $ ./config.status 

on me-nb58

config.status:1173: creating Makefile
config.status:1173: creating libsecp256k1.pc
config.status:1173: creating src/libsecp256k1-config.h
config.status:1402: executing depfiles commands
config.status:1479: cd .       && sed -e '/# am--include-marker/d' Makefile         | make -f - am--depfiles
config.status:1484: $? = 0
config.status:1402: executing libtool commands

## ---------------- ##
## Cache variables. ##
## ---------------- ##

ac_cv_build=aarch64-apple-darwin23.6.0
ac_cv_build_prog_CPP='gcc -E'
ac_cv_build_prog_cc_g=yes
ac_cv_c_bigendian=no
ac_cv_c_compiler_gnu=yes
ac_cv_env_CCASFLAGS_set=
ac_cv_env_CCASFLAGS_value=
ac_cv_env_CCAS_set=
ac_cv_env_CCAS_value=
ac_cv_env_CC_set=
ac_cv_env_CC_value=
ac_cv_env_CFLAGS_set=
ac_cv_env_CFLAGS_value=
ac_cv_env_CPPFLAGS_set=
ac_cv_env_CPPFLAGS_value=
ac_cv_env_CPP_set=
ac_cv_env_CPP_value=
ac_cv_env_CRYPTO_CFLAGS_set=
ac_cv_env_CRYPTO_CFLAGS_value=
ac_cv_env_CRYPTO_LIBS_set=
ac_cv_env_CRYPTO_LIBS_value=
ac_cv_env_LDFLAGS_set=
ac_cv_env_LDFLAGS_value=
ac_cv_env_LIBS_set=
ac_cv_env_LIBS_value=
ac_cv_env_LT_SYS_LIBRARY_PATH_set=
ac_cv_env_LT_SYS_LIBRARY_PATH_value=
ac_cv_env_PKG_CONFIG_LIBDIR_set=
ac_cv_env_PKG_CONFIG_LIBDIR_value=
ac_cv_env_PKG_CONFIG_PATH_set=
ac_cv_env_PKG_CONFIG_PATH_value=
ac_cv_env_PKG_CONFIG_set=
ac_cv_env_PKG_CONFIG_value=
ac_cv_env_build_alias_set=
ac_cv_env_build_alias_value=
ac_cv_env_host_alias_set=
ac_cv_env_host_alias_value=
ac_cv_env_target_alias_set=
ac_cv_env_target_alias_value=
ac_cv_header_dlfcn_h=yes
ac_cv_header_gmp_h=yes
ac_cv_header_inttypes_h=yes
ac_cv_header_stdint_h=yes
ac_cv_header_stdio_h=yes
ac_cv_header_stdlib_h=yes
ac_cv_header_string_h=yes
ac_cv_header_strings_h=yes
ac_cv_header_sys_stat_h=yes
ac_cv_header_sys_types_h=yes
ac_cv_header_unistd_h=yes
ac_cv_host=aarch64-apple-darwin23.6.0
ac_cv_lib_crypto_main=yes
ac_cv_lib_gmp___gmpz_init=yes
ac_cv_objext=o
ac_cv_path_BREW=/opt/homebrew/bin/brew
ac_cv_path_EGREP='/usr/bin/grep -E'
ac_cv_path_EGREP_TRADITIONAL='/usr/bin/grep -E'
ac_cv_path_FGREP='/usr/bin/grep -F'
ac_cv_path_GREP=/usr/bin/grep
ac_cv_path_SED=/usr/bin/sed
ac_cv_path_ac_pt_AR=/usr/bin/ar
ac_cv_path_ac_pt_PKG_CONFIG=/opt/homebrew/bin/pkg-config
ac_cv_path_ac_pt_RANLIB=/usr/bin/ranlib
ac_cv_path_ac_pt_STRIP=/usr/bin/strip
ac_cv_path_install='/usr/bin/install -c'
ac_cv_path_lt_DD=/bin/dd
ac_cv_prog_AWK=awk
ac_cv_prog_CPP='gcc -E'
ac_cv_prog_FILECMD=file
ac_cv_prog_ac_ct_AR=ar
ac_cv_prog_ac_ct_CC=gcc
ac_cv_prog_ac_ct_CC_FOR_BUILD=gcc
ac_cv_prog_ac_ct_DSYMUTIL=dsymutil
ac_cv_prog_ac_ct_LIPO=lipo
ac_cv_prog_ac_ct_NMEDIT=nmedit
ac_cv_prog_ac_ct_OBJDUMP=objdump
ac_cv_prog_ac_ct_OTOOL=otool
ac_cv_prog_ac_ct_RANLIB=ranlib
ac_cv_prog_ac_ct_STRIP=strip
ac_cv_prog_cc_c11=
ac_cv_prog_cc_g=yes
ac_cv_prog_cc_stdc=
ac_cv_prog_make_make_set=yes
ac_cv_type___int128=yes
am_cv_CCAS_dependencies_compiler_type=gcc3
am_cv_CC_dependencies_compiler_type=gcc3
am_cv_filesystem_timestamp_resolution=2
am_cv_make_support_nested_variables=yes
am_cv_prog_cc_c_o=yes
am_cv_prog_tar_ustar=gnutar
am_cv_sleep_fractional_seconds=yes
am_cv_xargs_n_works=yes
lt_cv_apple_cc_single_mod=no
lt_cv_ar_at_file=no
lt_cv_deplibs_check_method=pass_all
lt_cv_file_magic_cmd='$MAGIC_CMD'
lt_cv_file_magic_test_file=
lt_cv_ld_exported_symbols_list=yes
lt_cv_ld_force_load=yes
lt_cv_ld_reload_flag=-r
lt_cv_nm_interface='BSD nm'
lt_cv_objdir=.libs
lt_cv_path_LD=/Library/Developer/CommandLineTools/usr/bin/ld
lt_cv_path_NM='/usr/bin/nm -B'
lt_cv_path_manifest_tool=no
lt_cv_prog_compiler_c_o=yes
lt_cv_prog_compiler_pic='-fno-common -DPIC'
lt_cv_prog_compiler_pic_works=yes
lt_cv_prog_compiler_rtti_exceptions=yes
lt_cv_prog_compiler_static_works=no
lt_cv_prog_gnu_ld=no
lt_cv_sharedlib_from_linklib_cmd='printf %s\n'
lt_cv_support_no_fixup_chains=yes
lt_cv_sys_global_symbol_pipe='/usr/bin/sed -n -e '\''s/^.*[	 ]\([ABCDGIRSTW][ABCDGIRSTW]*\)[	 ][	 ]*_\([_A-Za-z][_A-Za-z0-9]*\)$/\1 _\2 \2/p'\'' | /usr/bin/sed '\''/ __gnu_lto/d'\'''
lt_cv_sys_global_symbol_to_c_name_address='/usr/bin/sed -n -e '\''s/^: \(.*\) .*$/  {"\1", (void *) 0},/p'\'' -e '\''s/^[ABCDGIRSTW][ABCDGIRSTW]* .* \(.*\)$/  {"\1", (void *) \&\1},/p'\'''
lt_cv_sys_global_symbol_to_c_name_address_lib_prefix='/usr/bin/sed -n -e '\''s/^: \(.*\) .*$/  {"\1", (void *) 0},/p'\'' -e '\''s/^[ABCDGIRSTW][ABCDGIRSTW]* .* \(lib.*\)$/  {"\1", (void *) \&\1},/p'\'' -e '\''s/^[ABCDGIRSTW][ABCDGIRSTW]* .* \(.*\)$/  {"lib\1", (void *) \&\1},/p'\'''
lt_cv_sys_global_symbol_to_cdecl='/usr/bin/sed -n -e '\''s/^T .* \(.*\)$/extern int \1();/p'\'' -e '\''s/^[ABCDGIRSTW][ABCDGIRSTW]* .* \(.*\)$/extern char \1;/p'\'''
lt_cv_sys_global_symbol_to_import=
lt_cv_sys_max_cmd_len=786432
lt_cv_to_host_file_cmd=func_convert_file_noop
lt_cv_to_tool_file_cmd=func_convert_file_noop
lt_cv_truncate_bin='/bin/dd bs=4096 count=1'
pkg_cv_CRYPTO_CFLAGS=-I/opt/homebrew/Cellar/openssl@3/3.5.2/include
pkg_cv_CRYPTO_LIBS='-L/opt/homebrew/Cellar/openssl@3/3.5.2/lib -lcrypto'

## ----------------- ##
## Output variables. ##
## ----------------- ##

ACLOCAL='${SHELL} '\''/Users/jianyul/SCHOOL COOOOOODE/Senior Project/U2SSO/crypto-dbpoe/build-aux/missing'\'' aclocal-1.18'
AMDEPBACKSLASH='\'
AMDEP_FALSE='#'
AMDEP_TRUE=''
AMTAR='$${TAR-tar}'
AM_BACKSLASH='\'
AM_DEFAULT_V='$(AM_DEFAULT_VERBOSITY)'
AM_DEFAULT_VERBOSITY='0'
AM_V='$(V)'
AR='/usr/bin/ar'
AUTOCONF='${SHELL} '\''/Users/jianyul/SCHOOL COOOOOODE/Senior Project/U2SSO/crypto-dbpoe/build-aux/missing'\'' autoconf'
AUTOHEADER='${SHELL} '\''/Users/jianyul/SCHOOL COOOOOODE/Senior Project/U2SSO/crypto-dbpoe/build-aux/missing'\'' autoheader'
AUTOMAKE='${SHELL} '\''/Users/jianyul/SCHOOL COOOOOODE/Senior Project/U2SSO/crypto-dbpoe/build-aux/missing'\'' automake-1.18'
AWK='awk'
BREW='/opt/homebrew/bin/brew'
BUILD_EXEEXT=''
BUILD_OBJEXT=''
CC='gcc'
CCAS='gcc'
CCASDEPMODE='depmode=gcc3'
CCASFLAGS='-g -O2'
CCDEPMODE='depmode=gcc3'
CC_FOR_BUILD='gcc'
CFLAGS='-g -O2 -W -fvisibility=hidden -O3'
CFLAGS_FOR_BUILD='-g -O2'
CPP='gcc -E'
CPPFLAGS=''
CPPFLAGS_FOR_BUILD=''
CPP_FOR_BUILD='gcc -E'
CRYPTO_CFLAGS='-I/opt/homebrew/Cellar/openssl@3/3.5.2/include'
CRYPTO_LIBS='-L/opt/homebrew/Cellar/openssl@3/3.5.2/lib -lcrypto'
CSCOPE='cscope'
CTAGS='ctags'
CYGPATH_W='echo'
DEFS='-DHAVE_CONFIG_H'
DEPDIR='.deps'
DLLTOOL='false'
DSYMUTIL='dsymutil'
DUMPBIN=''
ECHO_C='\c'
ECHO_N=''
ECHO_T=''
EGREP='/usr/bin/grep -E'
ENABLE_COVERAGE_FALSE=''
ENABLE_COVERAGE_TRUE='#'
ENABLE_MODULE_AGGSIG_FALSE=''
ENABLE_MODULE_AGGSIG_TRUE='#'
ENABLE_MODULE_BULLETPROOF_FALSE=''
ENABLE_MODULE_BULLETPROOF_TRUE='#'
ENABLE_MODULE_COMMITMENT_FALSE=''
ENABLE_MODULE_COMMITMENT_TRUE='#'
ENABLE_MODULE_ECDH_FALSE=''
ENABLE_MODULE_ECDH_TRUE='#'
ENABLE_MODULE_GENERATOR_FALSE=''
ENABLE_MODULE_GENERATOR_TRUE='#'
ENABLE_MODULE_RANGEPROOF_FALSE=''
ENABLE_MODULE_RANGEPROOF_TRUE='#'
ENABLE_MODULE_RECOVERY_FALSE=''
ENABLE_MODULE_RECOVERY_TRUE='#'
ENABLE_MODULE_RINGCIP_FALSE=''
ENABLE_MODULE_RINGCIP_TRUE='#'
ENABLE_MODULE_SCHNORRSIG_FALSE=''
ENABLE_MODULE_SCHNORRSIG_TRUE='#'
ENABLE_MODULE_SURJECTIONPROOF_FALSE=''
ENABLE_MODULE_SURJECTIONPROOF_TRUE='#'
ENABLE_MODULE_WHITELIST_FALSE=''
ENABLE_MODULE_WHITELIST_TRUE='#'
ETAGS='etags'
EXEEXT=''
FGREP='/usr/bin/grep -F'
FILECMD='file'
GREP='/usr/bin/grep'
INSTALL_DATA='${INSTALL} -m 644'
INSTALL_PROGRAM='${INSTALL}'
INSTALL_SCRIPT='${INSTALL}'
INSTALL_STRIP_PROGRAM='$(install_sh) -c -s'
JNI_INCLUDES=''
LD='/Library/Developer/CommandLineTools/usr/bin/ld'
LDFLAGS=''
LDFLAGS_FOR_BUILD=''
LIBOBJS=''
LIBS=''
LIBTOOL='$(SHELL) $(top_builddir)/libtool'
LIPO='lipo'
LN_S='ln -s'
LTLIBOBJS=''
LT_SYS_LIBRARY_PATH=''
MAKEINFO='${SHELL} '\''/Users/jianyul/SCHOOL COOOOOODE/Senior Project/U2SSO/crypto-dbpoe/build-aux/missing'\'' makeinfo'
MANIFEST_TOOL=':'
MKDIR_P='mkdir -p'
NM='/usr/bin/nm -B'
NMEDIT='nmedit'
OBJDUMP='objdump'
OBJEXT='o'
OTOOL64=':'
OTOOL='otool'
PACKAGE='libsecp256k1'
PACKAGE_BUGREPORT=''
PACKAGE_NAME='libsecp256k1'
PACKAGE_STRING='libsecp256k1 0.1'
PACKAGE_TARNAME='libsecp256k1'
PACKAGE_URL=''
PACKAGE_VERSION='0.1'
PATH_SEPARATOR=':'
PKG_CONFIG='/opt/homebrew/bin/pkg-config'
PKG_CONFIG_LIBDIR=''
PKG_CONFIG_PATH='/opt/homebrew/opt/openssl@3/lib/pkgconfig:'
PORT=''
RANLIB='/usr/bin/ranlib'
SECP_INCLUDES=' -I/opt/homebrew/opt/gmp/include'
SECP_LIBS=' -L/opt/homebrew/opt/gmp/lib -lgmp'
SECP_TEST_INCLUDES=' -I/opt/homebrew/Cellar/openssl@3/3.5.2/include'
SECP_TEST_LIBS='-L/opt/homebrew/Cellar/openssl@3/3.5.2/lib -lcrypto'
SED='/usr/bin/sed'
SET_MAKE=''
SHELL='/bin/sh'
STRIP='/usr/bin/strip'
USE_ASM_ARM_FALSE=''
USE_ASM_ARM_TRUE='#'
USE_BENCHMARK_FALSE='#'
USE_BENCHMARK_TRUE=''
USE_ECMULT_STATIC_PRECOMPUTATION_FALSE='#'
USE_ECMULT_STATIC_PRECOMPUTATION_TRUE=''
USE_EXHAUSTIVE_TESTS_FALSE='#'
USE_EXHAUSTIVE_TESTS_TRUE=''
USE_EXTERNAL_ASM_FALSE=''
USE_EXTERNAL_ASM_TRUE='#'
USE_JNI_FALSE=''
USE_JNI_TRUE='#'
USE_TESTS_FALSE='#'
USE_TESTS_TRUE=''
VERSION='0.1'
_ACJNI_JAVAC=''
ac_ct_AR='ar'
ac_ct_CC='gcc'
ac_ct_CC_FOR_BUILD='gcc'
ac_ct_DUMPBIN=''
am__EXEEXT_FALSE=''
am__EXEEXT_TRUE='#'
am__fastdepCCAS_FALSE='#'
am__fastdepCCAS_TRUE=''
am__fastdepCC_FALSE='#'
am__fastdepCC_TRUE=''
am__include='include'
am__isrc=''
am__leading_dot='.'
am__nodep='_no'
am__quote=''
am__rm_f_notfound=''
am__tar='tar --format=ustar -chf - "$$tardir"'
am__untar='tar -xf -'
am__xargs_n='xargs -n'
bindir='${exec_prefix}/bin'
build='aarch64-apple-darwin23.6.0'
build_alias=''
build_cpu='aarch64'
build_os='darwin23.6.0'
build_vendor='apple'
datadir='${datarootdir}'
datarootdir='${prefix}/share'
docdir='${datarootdir}/doc/${PACKAGE_TARNAME}'
dvidir='${docdir}'
exec_prefix='${prefix}'
host='aarch64-apple-darwin23.6.0'
host_alias=''
host_cpu='aarch64'
host_os='darwin23.6.0'
host_vendor='apple'
htmldir='${docdir}'
includedir='${prefix}/include'
infodir='${datarootdir}/info'
install_sh='${SHELL} '\''/Users/jianyul/SCHOOL COOOOOODE/Senior Project/U2SSO/crypto-dbpoe/build-aux/install-sh'\'''
libdir='${exec_prefix}/lib'
libexecdir='${exec_prefix}/libexec'
localedir='${datarootdir}/locale'
localstatedir='${prefix}/var'
mandir='${datarootdir}/man'
mkdir_p='$(MKDIR_P)'
oldincludedir='/usr/include'
pdfdir='${docdir}'
prefix='/usr/local'
program_transform_name='s,x,x,'
psdir='${docdir}'
runstatedir='${localstatedir}/run'
sbindir='${exec_prefix}/sbin'
sharedstatedir='${prefix}/com'
sysconfdir='${prefix}/etc'
target_alias=''

## ----------- ##
## confdefs.h. ##
## ----------- ##

/* confdefs.h */
#define PACKAGE_NAME "libsecp256k1"
#define PACKAGE_TARNAME "libsecp256k1"
#define PACKAGE_VERSION "0.1"
#define PACKAGE_STRING "libsecp256k1 0.1"
#define PACKAGE_BUGREPORT ""
#define PACKAGE_URL ""
#define PACKAGE "libsecp256k1"
#define VERSION "0.1"
#define HAVE_STDIO_H 1
#define HAVE_STDLIB_H 1
#define HAVE_STRING_H 1
#define HAVE_INTTYPES_H 1
#define HAVE_STDINT_H 1
#define HAVE_STRINGS_H 1
#define HAVE_SYS_STAT_H 1
#define HAVE_SYS_TYPES_H 1
#define HAVE_UNISTD_H 1
#define STDC_HEADERS 1
#define HAVE_DLFCN_H 1
#define LT_OBJDIR ".libs/"
#define HAVE___INT128 1
#define HAVE_BUILTIN_EXPECT 1
#define HAVE_BUILTIN_POPCOUNT 1
#define HAVE_BUILTIN_POPCOUNTL 1
#define HAVE_BUILTIN_CTZL 1
#define HAVE_BUILTIN_CLZLL 1
#define HAVE_LIBGMP 1
#define USE_FIELD_5X52 1
#define HAVE_LIBGMP 1
#define USE_NUM_GMP 1
#define USE_FIELD_INV_NUM 1
#define USE_SCALAR_INV_NUM 1
#define USE_SCALAR_4X64 1
#define HAVE_LIBCRYPTO 1
#define ENABLE_OPENSSL_TESTS 1
#define USE_ECMULT_STATIC_PRECOMPUTATION 1
#define ENABLE_MODULE_ECDH 1
#define ENABLE_MODULE_GENERATOR 1
#define ENABLE_MODULE_RECOVERY 1
#define ENABLE_MODULE_RANGEPROOF 1
#define ENABLE_MODULE_BULLETPROOF 1
#define ENABLE_MODULE_AGGSIG 1
#define ENABLE_MODULE_SCHNORRSIG 1

configure: exit 0
